<?xml version="1.0" encoding="UTF-8"?>
<testng-results ignored="0" total="1" passed="1" failed="0" skipped="0">
  <reporter-output>
  </reporter-output>
  <suite started-at="2024-10-14T23:08:16 IST" name="Default suite" finished-at="2024-10-14T23:08:40 IST" duration-ms="23461">
    <groups>
    </groups>
    <test started-at="2024-10-14T23:08:16 IST" name="Default test" finished-at="2024-10-14T23:08:40 IST" duration-ms="23461">
      <class name="test.circtng.CricInfoTNG">
        <test-method is-config="true" signature="setProperty()[pri:0, instance:test.circtng.CricInfoTNG@33352f32]" started-at="2024-10-14T23:08:16 IST" name="setProperty" finished-at="2024-10-14T23:08:16 IST" duration-ms="6" status="PASS">
          <reporter-output>
          </reporter-output>
        </test-method> <!-- setProperty -->
        <test-method is-config="true" signature="beforeSuite()[pri:0, instance:test.circtng.CricInfoTNG@33352f32]" started-at="2024-10-14T23:08:16 IST" name="beforeSuite" finished-at="2024-10-14T23:08:16 IST" depends-on-methods="test.base.DbBase.setProperty" duration-ms="0" status="PASS">
          <reporter-output>
          </reporter-output>
        </test-method> <!-- beforeSuite -->
        <test-method is-config="true" signature="beforeMethod()[pri:0, instance:test.circtng.CricInfoTNG@33352f32]" started-at="2024-10-14T23:08:16 IST" name="beforeMethod" finished-at="2024-10-14T23:08:16 IST" duration-ms="0" status="PASS">
          <reporter-output>
          </reporter-output>
        </test-method> <!-- beforeMethod -->
        <test-method signature="cricInfoTest()[pri:0, instance:test.circtng.CricInfoTNG@33352f32]" started-at="2024-10-14T23:08:16 IST" name="cricInfoTest" finished-at="2024-10-14T23:08:39 IST" duration-ms="22958" status="PASS">
          <reporter-output>
          </reporter-output>
        </test-method> <!-- cricInfoTest -->
        <test-method is-config="true" signature="afterMethod()[pri:0, instance:test.circtng.CricInfoTNG@33352f32]" started-at="2024-10-14T23:08:39 IST" name="afterMethod" finished-at="2024-10-14T23:08:40 IST" duration-ms="484" status="PASS">
          <reporter-output>
          </reporter-output>
        </test-method> <!-- afterMethod -->
        <test-method is-config="true" signature="afterSuite()[pri:0, instance:test.circtng.CricInfoTNG@33352f32]" started-at="2024-10-14T23:08:40 IST" name="afterSuite" finished-at="2024-10-14T23:08:40 IST" duration-ms="1" status="PASS">
          <reporter-output>
          </reporter-output>
        </test-method> <!-- afterSuite -->
        <test-method is-config="true" signature="driverQuit()[pri:0, instance:test.circtng.CricInfoTNG@33352f32]" started-at="2024-10-14T23:08:40 IST" name="driverQuit" finished-at="2024-10-14T23:08:40 IST" depends-on-methods="test.circtng.CricInfoTNG.afterSuite" duration-ms="0" status="PASS">
          <reporter-output>
          </reporter-output>
        </test-method> <!-- driverQuit -->
      </class> <!-- test.circtng.CricInfoTNG -->
    </test> <!-- Default test -->
  </suite> <!-- Default suite -->
</testng-results>
